= Host-specific information ====================================================
$> hostname; uname -msr
e1r8p5.unit.ua
Darwin 15.5.0 x86_64
$> date
Tue Dec 27 10:29:44 EET 2016
$> gcc --version
Configured with: --prefix=/Applications/Xcode.app/Contents/Developer/usr --with-gxx-include-dir=/usr/include/c++/4.2.1
Apple LLVM version 8.0.0 (clang-800.0.42.1)
Target: x86_64-apple-darwin15.5.0
Thread model: posix
InstalledDir: /Applications/Xcode.app/Contents/Developer/Toolchains/XcodeDefault.xctoolchain/usr/bin
$> clang --version
Apple LLVM version 8.0.0 (clang-800.0.42.1)
Target: x86_64-apple-darwin15.5.0
Thread model: posix
InstalledDir: /Applications/Xcode.app/Contents/Developer/Toolchains/XcodeDefault.xctoolchain/usr/bin

= User files collection ========================================================
Collecting user files from Vogsphere
Repository URL: auto-exam/2016/c-exam-beginner/exam_20161227/dburtnja

= Git history ==================================================================
$> git -C /var/folders/yk/6pyb36_j2537yj59k018j75m0000gq/T/tmpaRq2Qh/user log --pretty='%H - %an, %ad : %s'
4a998a5b125927dd4bbc3099efbb6fdba4060b08 - Exam 42, Tue Dec 27 10:28:14 2016 +0200 : add rev_print
73826f19518c7f446c56333adbd18d58a779433c - Exam 42, Tue Dec 27 10:09:45 2016 +0200 : add maff..
 
= Collected files ==========================================
$> ls -lAR /var/folders/yk/6pyb36_j2537yj59k018j75m0000gq/T/tmpaRq2Qh/user
total 8
-rw-r--r--  1 deepthought  deepthought  476 Dec 27 10:29 __GIT_HISTORY
drwxr-xr-x  3 deepthought  deepthought  102 Dec 27 10:29 maff_alpha
drwxr-xr-x  3 deepthought  deepthought  102 Dec 27 10:29 rev_print

/var/folders/yk/6pyb36_j2537yj59k018j75m0000gq/T/tmpaRq2Qh/user/maff_alpha:
total 8
-rw-r--r--  1 deepthought  deepthought  993 Dec 27 10:29 maff_alpha.c

/var/folders/yk/6pyb36_j2537yj59k018j75m0000gq/T/tmpaRq2Qh/user/rev_print:
total 8
-rw-r--r--  1 deepthought  deepthought  1201 Dec 27 10:29 rev_print.c
 
= rev_print ====================================================================
$> gcc -Wextra -Wall -Werror rev_print.c -o user_exe 

= Test 1 ===================================================
$> ./6oe5kvzwv332avez96a0d9hn 
$> diff -U 3 user_output_test1 test1.output | cat -e

Diff OK :D
= Test 2 ===================================================
$> ./1ly93ducgydf824iqaedig0x "UlINqH4D"
$> diff -U 3 user_output_test2 test2.output | cat -e

Diff OK :D
= Test 3 ===================================================
$> ./0j1u20yedn08xevtq988wx31 "oq6NuVL"
$> diff -U 3 user_output_test3 test3.output | cat -e

Diff OK :D
= Test 4 ===================================================
$> ./imjyhbpwwn6zw755lh0hzlzg "Vn2FtKhv56NER1o"
$> diff -U 3 user_output_test4 test4.output | cat -e

Diff OK :D
= Test 5 ===================================================
$> ./oz7t0fzcydfhtw2ieqcnsfx9 "wxEeNL8 gp9tKsRLC umgwe4ERfZA HXhs oZdtDx85l7WTLrjmN wfjzk4 6ETseBR8tk9N x7QVB8ULPXeEyYDWu 1koc0Gs 0xfpdJyUZzYEMAh NU42 aXiwvyfAO0BoJ"
$> diff -U 3 user_output_test5 test5.output | cat -e

Diff OK :D
= Test 6 ===================================================
$> ./9nakoe4eupwi3xqwzmxwxltp "lw38SZy OGF hw4Qg15ZKIuocFsS cSWhTbpJeNK8EC 7pVJ0aNYO STeijc MJmCb6y0ANZ2qHn TbsAN58 RKDeC956HpL4Wb8 Y8rFIKZvMG"
$> diff -U 3 user_output_test6 test6.output | cat -e

Diff OK :D
= Test 7 ===================================================
$> ./2kbwshr4x2c4rhf9bhxq3c4x "nxulHQ ak9PiTJrRQqdO cvxVICUgQt86e z9HZwFJqtOLy6 IbHLa tvTBAj8moIRF1c Her18n 5fpJLN7i2"
$> diff -U 3 user_output_test7 test7.output | cat -e

Diff OK :D
= Test 8 ===================================================
$> ./7xm9nmz7bileseg7egx90vwv "qyvR" "DZR8CaqrP0lSUhz" "Oq31Q6hM" "yO8ej3SQBZNisdho5" "8Dn" "URN3YtkMKLC" "tMTFnD6" "wdmSo0I"
$> diff -U 3 user_output_test8 test8.output | cat -e

Diff OK :D
= Test 9 ===================================================
$> ./t4cmrqqgrmgv4ubopfofnhpe "g07PEQ5WDsTeq" "O5ybJlrQFi9Cg" "HtkDcM2xR03" "ztSC0y" "XqOf" "mOYn" "xvhrCJ"
$> diff -U 3 user_output_test9 test9.output | cat -e

Diff OK :D
= Test 10 ==================================================
$> ./weg98b8ega7zga7pnmt67jz7 "tzeJBE7dowaG2Nfu Dw3PsMoiBKzRXm xeSKOYmhQpXGIVc VXbP93IDko0 pzAMsugXLxa 2TNiW1Rosp OiTu19w0p4 Y07tqsE5BaIg DqBXxn bjc6u9MD kF0DCuP8Rw42q TEgL2 diWKkufgQME an5J173W2QAz" "yIhk 0pBwIu5 QLn0J8mrc1NGq4y SqVeAo UFKAveIzWfSDsdkrQ UCtvVLQ 28wRPb6Y qYaX6KUQ CAU aQ5 BzT8QS HTsfg 3Yqsp fheJGcXOq7VA Z0uCJjVKdg POxlb0yAn8 KfoxVgaSdh1lTQ" "6PtTReNLfj05pc zWq5FJA1dTx NKyEAhD6lXq 9Tvi"
$> diff -U 3 user_output_test10 test10.output | cat -e

Diff OK :D
= Test 11 ==================================================
$> ./4txfmvmm2oppnnqufnywsa13 "3FK94AxIC0PGYQDtH HF0 HmIC YPXmo A57d89tz cBW 7vz19 mv8hr0G43NdTWZX 4Ph db7joaYvL 7tRyL 0iWOHJh" "NnRTomYlXhH3Bg GRruNStJYULXzm OElenR9AhP3wDV AR7pIlYgL3EPbTf8U moi wVD26FNgu 4pQArqfHLW" "lX9Bf6ZTY8VHuwWpA Fp0Toirlz lteTiwLkj67B5 nCRFpoX09YaUHQ ch8O4B0teFvNCn D0j8YvfLXn vdqkCXF9SyfVHjim qSTha 2CXI6sqlT ZUg lGCQdE8aFTMAnmJH A9N7Ux05WQiG 4x80ROvyIwbHNm obDmaW pCt Sx0Yd9gcbNWMpnaqF" "61aNA zOXak ocWhiVuQfnbzkjAa VbJidKN1972QFk vIgeBNOYoQLps" "9fVQkp QuB vlEBN mlzEdQnLC6a3VY7B2 LdDVpsSJ9Uzg 5ODBgRvrfIZaFG SvNR3smbqcp4M8iXE uoIC2 x71ZHoPuKnJlz3 WKHPJpMh" "LAmNE e7sEaFAJGuZH35 M8E7rfqI GSV09 6dNXxC PdkoGpzAf9NCJSR Y9ob5zQp1 2umFksY" "fSFGHceKN4R6i570 PlC3 09eyacohJUwsu7l IcVy4vNPmiFRlM itxHoe aWIFv lkDj hCwL1Bf7k 8pOfovaNqR1DwQ vjyizpIZUMQ a1G8Y7 k3oNwim4L x53EeFBO ioyY iKEgvJDmhAVnxb Jg2QG8a MqR GpKHkW7gi"
$> diff -U 3 user_output_test11 test11.output | cat -e

Diff OK :D
Grade: 1

= Final grade: 1 ===============================================================
