= Host-specific information ====================================================
$> hostname; uname -msr
e1r6p2.unit.ua
Darwin 15.5.0 x86_64
$> date
Tue Dec 27 11:15:28 EET 2016
$> gcc --version
Configured with: --prefix=/Applications/Xcode.app/Contents/Developer/usr --with-gxx-include-dir=/usr/include/c++/4.2.1
Apple LLVM version 8.0.0 (clang-800.0.42.1)
Target: x86_64-apple-darwin15.5.0
Thread model: posix
InstalledDir: /Applications/Xcode.app/Contents/Developer/Toolchains/XcodeDefault.xctoolchain/usr/bin
$> clang --version
Apple LLVM version 8.0.0 (clang-800.0.42.1)
Target: x86_64-apple-darwin15.5.0
Thread model: posix
InstalledDir: /Applications/Xcode.app/Contents/Developer/Toolchains/XcodeDefault.xctoolchain/usr/bin

= User files collection ========================================================
Collecting user files from Vogsphere
Repository URL: auto-exam/2016/c-exam-beginner/exam_20161227/dburtnja

= Git history ==================================================================
$> git -C /var/folders/c1/0r6vxg5d6ybdhn2s89rsj2v80000gq/T/tmp5eQHqC/user log --pretty='%H - %an, %ad : %s'
c499bcb0af864390a18bf942c33dac79041c3f3b - Exam 42, Tue Dec 27 11:14:56 2016 +0200 : add inter
4a998a5b125927dd4bbc3099efbb6fdba4060b08 - Exam 42, Tue Dec 27 10:28:14 2016 +0200 : add rev_print
73826f19518c7f446c56333adbd18d58a779433c - Exam 42, Tue Dec 27 10:09:45 2016 +0200 : add maff..
 
= Collected files ==========================================
$> ls -lAR /var/folders/c1/0r6vxg5d6ybdhn2s89rsj2v80000gq/T/tmp5eQHqC/user
total 8
-rw-r--r--  1 deepthought  deepthought  732 Dec 27 11:15 __GIT_HISTORY
drwxr-xr-x  3 deepthought  deepthought  102 Dec 27 11:15 inter
drwxr-xr-x  3 deepthought  deepthought  102 Dec 27 11:15 maff_alpha
drwxr-xr-x  3 deepthought  deepthought  102 Dec 27 11:15 rev_print

/var/folders/c1/0r6vxg5d6ybdhn2s89rsj2v80000gq/T/tmp5eQHqC/user/inter:
total 8
-rw-r--r--  1 deepthought  deepthought  1663 Dec 27 11:15 inter.c

/var/folders/c1/0r6vxg5d6ybdhn2s89rsj2v80000gq/T/tmp5eQHqC/user/maff_alpha:
total 8
-rw-r--r--  1 deepthought  deepthought  993 Dec 27 11:15 maff_alpha.c

/var/folders/c1/0r6vxg5d6ybdhn2s89rsj2v80000gq/T/tmp5eQHqC/user/rev_print:
total 8
-rw-r--r--  1 deepthought  deepthought  1201 Dec 27 11:15 rev_print.c
 
= inter ========================================================================
$> gcc -Wextra -Wall -Werror inter.c -o user_exe 

= Test 1 ===================================================
$> ./yq3yzuqrybtv9rp90eevklf7 
$> diff -U 3 user_output_test1 test1.output | cat -e

Diff OK :D
= Test 2 ===================================================
$> ./0g9temn738ktap71690tajib "salut a tous tout le monde"
$> diff -U 3 user_output_test2 test2.output | cat -e

Diff OK :D
= Test 3 ===================================================
$> ./xrvtsmzjedemzrb1mnvrncrx "salut" "a" "tous" "tout" "le" "monde"
$> diff -U 3 user_output_test3 test3.output | cat -e

Diff OK :D
= Test 4 ===================================================
$> ./4b47zkjbcrwqktrjtncexmxt "llo" "helllo"
$> diff -U 3 user_output_test4 test4.output | cat -e

Diff OK :D
= Test 5 ===================================================
$> ./zjy8u0zs2v6kyqaluce6nssx "C5g" "HJgNWqmS"
$> diff -U 3 user_output_test5 test5.output | cat -e

Diff OK :D
= Test 6 ===================================================
$> ./8qjuhe5yp0r8cyurprg1qs1m "MFDh3XUHysEprYc" "F3Usrc"
$> diff -U 3 user_output_test6 test6.output | cat -e

Diff OK :D
= Test 7 ===================================================
$> ./sd0ybi4l5844fgvvkf0zcj3z "5xcWAF76KfvNd" "xWF76fN"
$> diff -U 3 user_output_test7 test7.output | cat -e

Diff OK :D
= Test 8 ===================================================
$> ./prgctstwsejfvki1noll0dcv "1mz" "z"
$> diff -U 3 user_output_test8 test8.output | cat -e

Diff OK :D
= Test 9 ===================================================
$> ./cjk7l3zvyoxk111w3r3ffahe "b75Z6" "5"
$> diff -U 3 user_output_test9 test9.output | cat -e

Diff OK :D
= Test 10 ==================================================
$> ./cokpuo8xv9y8exk3kag8opoh "UZh0SEWmKeoBTgq8b" "EGkJFmYsNVSqT0v"
$> diff -U 3 user_output_test10 test10.output | cat -e

Diff OK :D
= Test 11 ==================================================
$> ./2kmh54kqv7uduja3867yeczl "EQJqF2vgmy41h83" "OALth"
$> diff -U 3 user_output_test11 test11.output | cat -e

Diff OK :D
= Test 12 ==================================================
$> ./6oxvb6due38q7mkgj3c9tp7p "ZNLpK36JzDf" "c23Aaf9xmW"
$> diff -U 3 user_output_test12 test12.output | cat -e

Diff OK :D
= Test 13 ==================================================
$> ./jb3p1v5ulqpxvqbhcbtrapwx "GoJmAV7yTdz" "skw"
$> diff -U 3 user_output_test13 test13.output | cat -e

Diff OK :D
= Test 14 ==================================================
$> ./49hplwm50j1re0ghp67m8na1 "tzElVq8nMa" "0YFdpgGh3Nu"
$> diff -U 3 user_output_test14 test14.output | cat -e

Diff OK :D
= Test 15 ==================================================
$> ./86gby0bd2l0cf0iny3tb4e7m "XpPkEvW" "pkW"
$> diff -U 3 user_output_test15 test15.output | cat -e

Diff OK :D
= Test 16 ==================================================
$> ./gnaw9h2c6ev2mh1rdr0nh950 "Hf6cE" "yhucrmJ"
$> diff -U 3 user_output_test16 test16.output | cat -e

Diff OK :D
= Test 17 ==================================================
$> ./v8ae3h0up63izm2e1hfxd96o "O3Hjuh6YQKT" "bh3V"
$> diff -U 3 user_output_test17 test17.output | cat -e

Diff OK :D
= Test 18 ==================================================
$> ./k8bf1b7evmzah5i0vl8rv1h7 "cvMfnd" "vnd"
$> diff -U 3 user_output_test18 test18.output | cat -e

Diff OK :D
= Test 19 ==================================================
$> ./qv0n1mpalzcbqqlib1tx186b "heNQVrY97zoPBHLd" "NVr7oPLd"
$> diff -U 3 user_output_test19 test19.output | cat -e

Diff OK :D
= Test 20 ==================================================
$> ./aujpsm8oduce03rx2nrv8hqr "v1i9YlTnQPV" "i9YlTQPV"
$> diff -U 3 user_output_test20 test20.output | cat -e

Diff OK :D
Grade: 1

= Final grade: 1 ===============================================================
