= Host-specific information ====================================================
$> hostname; uname -msr
e1r9p7.unit.ua
Darwin 15.5.0 x86_64
$> date
Tue Dec 27 12:46:14 EET 2016
$> gcc --version
Configured with: --prefix=/Applications/Xcode.app/Contents/Developer/usr --with-gxx-include-dir=/usr/include/c++/4.2.1
Apple LLVM version 8.0.0 (clang-800.0.42.1)
Target: x86_64-apple-darwin15.5.0
Thread model: posix
InstalledDir: /Applications/Xcode.app/Contents/Developer/Toolchains/XcodeDefault.xctoolchain/usr/bin
$> clang --version
Apple LLVM version 8.0.0 (clang-800.0.42.1)
Target: x86_64-apple-darwin15.5.0
Thread model: posix
InstalledDir: /Applications/Xcode.app/Contents/Developer/Toolchains/XcodeDefault.xctoolchain/usr/bin

= User files collection ========================================================
Collecting user files from Vogsphere
Repository URL: auto-exam/2016/c-exam-beginner/exam_20161227/dburtnja

= Git history ==================================================================
$> git -C /var/folders/xk/5bd30xws4t1dl4qypn8jnlyw0000gq/T/tmpd9P4M6/user log --pretty='%H - %an, %ad : %s'
47121132d3399cc55e1ef97d93e3aecb17c2ebc9 - Exam 42, Tue Dec 27 12:45:56 2016 +0200 : add sort
f54736a14286c1c5585d8ce5bd285e9bf6afe95f - Exam 42, Tue Dec 27 12:04:13 2016 +0200 : capitalizer
c499bcb0af864390a18bf942c33dac79041c3f3b - Exam 42, Tue Dec 27 11:14:56 2016 +0200 : add inter
4a998a5b125927dd4bbc3099efbb6fdba4060b08 - Exam 42, Tue Dec 27 10:28:14 2016 +0200 : add rev_print
73826f19518c7f446c56333adbd18d58a779433c - Exam 42, Tue Dec 27 10:09:45 2016 +0200 : add maff..
 
= Collected files ==========================================
$> ls -lAR /var/folders/xk/5bd30xws4t1dl4qypn8jnlyw0000gq/T/tmpd9P4M6/user
total 8
-rw-r--r--  1 deepthought  deepthought  1245 Dec 27 12:46 __GIT_HISTORY
drwxr-xr-x  3 deepthought  deepthought   102 Dec 27 12:46 inter
drwxr-xr-x  3 deepthought  deepthought   102 Dec 27 12:46 maff_alpha
drwxr-xr-x  3 deepthought  deepthought   102 Dec 27 12:46 rev_print
drwxr-xr-x  3 deepthought  deepthought   102 Dec 27 12:46 sort_int_tab
drwxr-xr-x  3 deepthought  deepthought   102 Dec 27 12:46 str_capitalizer

/var/folders/xk/5bd30xws4t1dl4qypn8jnlyw0000gq/T/tmpd9P4M6/user/inter:
total 8
-rw-r--r--  1 deepthought  deepthought  1663 Dec 27 12:46 inter.c

/var/folders/xk/5bd30xws4t1dl4qypn8jnlyw0000gq/T/tmpd9P4M6/user/maff_alpha:
total 8
-rw-r--r--  1 deepthought  deepthought  993 Dec 27 12:46 maff_alpha.c

/var/folders/xk/5bd30xws4t1dl4qypn8jnlyw0000gq/T/tmpd9P4M6/user/rev_print:
total 8
-rw-r--r--  1 deepthought  deepthought  1201 Dec 27 12:46 rev_print.c

/var/folders/xk/5bd30xws4t1dl4qypn8jnlyw0000gq/T/tmpd9P4M6/user/sort_int_tab:
total 8
-rw-r--r--  1 deepthought  deepthought  1327 Dec 27 12:46 sort_int_tab.c

/var/folders/xk/5bd30xws4t1dl4qypn8jnlyw0000gq/T/tmpd9P4M6/user/str_capitalizer:
total 8
-rw-r--r--  1 deepthought  deepthought  1898 Dec 27 12:46 str_capitalizer.c
 
= sort_int_tab =================================================================
$> gcc -Wextra -Wall -Werror main.c sort_int_tab.c -o user_exe 

= Test 1 ===================================================
$> ./6mtm1704jpw1sgnkcxswbke4
$> diff -U 3 user_output_test1 test1.output | cat -e

Diff OK :D
Grade: 1

= Final grade: 1 ===============================================================
