= Host-specific information ====================================================
$> hostname; uname -msr
e1r6p8.unit.ua
Darwin 15.5.0 x86_64
$> date
Tue Dec 27 13:58:54 EET 2016
$> gcc --version
Configured with: --prefix=/Applications/Xcode.app/Contents/Developer/usr --with-gxx-include-dir=/usr/include/c++/4.2.1
Apple LLVM version 8.0.0 (clang-800.0.42.1)
Target: x86_64-apple-darwin15.5.0
Thread model: posix
InstalledDir: /Applications/Xcode.app/Contents/Developer/Toolchains/XcodeDefault.xctoolchain/usr/bin
$> clang --version
Apple LLVM version 8.0.0 (clang-800.0.42.1)
Target: x86_64-apple-darwin15.5.0
Thread model: posix
InstalledDir: /Applications/Xcode.app/Contents/Developer/Toolchains/XcodeDefault.xctoolchain/usr/bin

= User files collection ========================================================
Collecting user files from Vogsphere
Repository URL: auto-exam/2016/c-exam-beginner/exam_20161227/dburtnja

= Git history ==================================================================
$> git -C /var/folders/qv/7q6yh6m965n20jg2j_z2_p440000gq/T/tmpvWFDO5/user log --pretty='%H - %an, %ad : %s'
19cca1cc67aac3c8c18dcaba6f305ab7d5d45955 - Exam 42, Tue Dec 27 13:58:37 2016 +0200 :  afwdaw
f0f5335f972d77a3cdcc2321ea563e332f781cee - Exam 42, Tue Dec 27 13:38:59 2016 +0200 : add print_memory
47121132d3399cc55e1ef97d93e3aecb17c2ebc9 - Exam 42, Tue Dec 27 12:45:56 2016 +0200 : add sort
f54736a14286c1c5585d8ce5bd285e9bf6afe95f - Exam 42, Tue Dec 27 12:04:13 2016 +0200 : capitalizer
c499bcb0af864390a18bf942c33dac79041c3f3b - Exam 42, Tue Dec 27 11:14:56 2016 +0200 : add inter
4a998a5b125927dd4bbc3099efbb6fdba4060b08 - Exam 42, Tue Dec 27 10:28:14 2016 +0200 : add rev_print
73826f19518c7f446c56333adbd18d58a779433c - Exam 42, Tue Dec 27 10:09:45 2016 +0200 : add maff..
 
= Collected files ==========================================
$> ls -lAR /var/folders/qv/7q6yh6m965n20jg2j_z2_p440000gq/T/tmpvWFDO5/user
total 8
-rw-r--r--  1 deepthought  deepthought  1807 Dec 27 13:58 __GIT_HISTORY
drwxr-xr-x  4 deepthought  deepthought   136 Dec 27 13:58 brainfuck
drwxr-xr-x  3 deepthought  deepthought   102 Dec 27 13:58 inter
drwxr-xr-x  3 deepthought  deepthought   102 Dec 27 13:58 maff_alpha
drwxr-xr-x  3 deepthought  deepthought   102 Dec 27 13:58 print_memory
drwxr-xr-x  3 deepthought  deepthought   102 Dec 27 13:58 rev_print
drwxr-xr-x  3 deepthought  deepthought   102 Dec 27 13:58 sort_int_tab
drwxr-xr-x  3 deepthought  deepthought   102 Dec 27 13:58 str_capitalizer

/var/folders/qv/7q6yh6m965n20jg2j_z2_p440000gq/T/tmpvWFDO5/user/brainfuck:
total 16
-rw-r--r--  1 deepthought  deepthought  1547 Dec 27 13:58 brainfuck.c
-rw-r--r--  1 deepthought  deepthought   980 Dec 27 13:58 h_file.h

/var/folders/qv/7q6yh6m965n20jg2j_z2_p440000gq/T/tmpvWFDO5/user/inter:
total 8
-rw-r--r--  1 deepthought  deepthought  1663 Dec 27 13:58 inter.c

/var/folders/qv/7q6yh6m965n20jg2j_z2_p440000gq/T/tmpvWFDO5/user/maff_alpha:
total 8
-rw-r--r--  1 deepthought  deepthought  993 Dec 27 13:58 maff_alpha.c

/var/folders/qv/7q6yh6m965n20jg2j_z2_p440000gq/T/tmpvWFDO5/user/print_memory:
total 8
-rw-r--r--  1 deepthought  deepthought  1891 Dec 27 13:58 print_memory.c

/var/folders/qv/7q6yh6m965n20jg2j_z2_p440000gq/T/tmpvWFDO5/user/rev_print:
total 8
-rw-r--r--  1 deepthought  deepthought  1201 Dec 27 13:58 rev_print.c

/var/folders/qv/7q6yh6m965n20jg2j_z2_p440000gq/T/tmpvWFDO5/user/sort_int_tab:
total 8
-rw-r--r--  1 deepthought  deepthought  1327 Dec 27 13:58 sort_int_tab.c

/var/folders/qv/7q6yh6m965n20jg2j_z2_p440000gq/T/tmpvWFDO5/user/str_capitalizer:
total 8
-rw-r--r--  1 deepthought  deepthought  1898 Dec 27 13:58 str_capitalizer.c
 
= brainfuck ====================================================================
$> gcc -Wextra -Wall -Werror brainfuck.c -o user_exe 

= Test 1 ===================================================
$> ./hp66rq1dbh4nebf4ph94z65q "++++++++++[>+++++++>++++++++++>+++>+<<<<-]>++.>+.+++++++..+++.>++.<<+++++++++++++++.>.+++.------.--------.>+.>."
$> diff -U 3 user_output_test1 test1.output | cat -e
--- user_output_test1	2016-12-27 13:58:55.000000000 +0200$
+++ test1.output	2016-12-27 13:58:55.000000000 +0200$
@@ -1,2 +1 @@$
-	^K^R^R^U^E^X^U^X^R$
-^F^A$
\ No newline at end of file$
+Hello World!$

Diff KO :(
Grade: 0

= Final grade: 0 ===============================================================
